<?xml version="1.0" encoding="UTF-8"?>
<testng-results ignored="0" total="1" passed="1" failed="0" skipped="0">
  <reporter-output>
  </reporter-output>
  <suite started-at="2024-06-17T19:44:59 IST" name="Default suite" finished-at="2024-06-17T19:45:10 IST" duration-ms="10471">
    <groups>
    </groups>
    <test started-at="2024-06-17T19:44:59 IST" name="Default test" finished-at="2024-06-17T19:45:10 IST" duration-ms="10471">
      <class name="tests.PolicyPageTest">
        <test-method is-config="true" signature="setUp()[pri:0, instance:tests.PolicyPageTest@db44aa2]" started-at="2024-06-17T19:44:59 IST" name="setUp" finished-at="2024-06-17T19:45:07 IST" duration-ms="7933" status="PASS">
          <reporter-output>
          </reporter-output>
        </test-method> <!-- setUp -->
        <test-method signature="PolicyPage()[pri:0, instance:tests.PolicyPageTest@db44aa2]" started-at="2024-06-17T19:45:07 IST" name="PolicyPage" finished-at="2024-06-17T19:45:09 IST" duration-ms="2174" status="PASS">
          <reporter-output>
          </reporter-output>
        </test-method> <!-- PolicyPage -->
        <test-method is-config="true" signature="tearDown()[pri:0, instance:tests.PolicyPageTest@db44aa2]" started-at="2024-06-17T19:45:09 IST" name="tearDown" finished-at="2024-06-17T19:45:10 IST" duration-ms="324" status="PASS">
          <reporter-output>
          </reporter-output>
        </test-method> <!-- tearDown -->
      </class> <!-- tests.PolicyPageTest -->
    </test> <!-- Default test -->
  </suite> <!-- Default suite -->
</testng-results>
